<?xml version="1.0" encoding="UTF-8"?>
<testng-results ignored="0" total="1" passed="1" failed="0" skipped="0">
  <reporter-output>
  </reporter-output>
  <suite started-at="2026-06-06T12:33:26 IST" name="Login Test Suite" finished-at="2026-06-06T12:33:42 IST" duration-ms="16390">
    <groups>
    </groups>
    <test started-at="2026-06-06T12:33:26 IST" name="Login Test Case" finished-at="2026-06-06T12:33:42 IST" duration-ms="16390">
      <class name="pkg_login.TC_Orange_HRM_Valid_Login">
        <test-method is-config="true" signature="setup()[pri:0, instance:pkg_login.TC_Orange_HRM_Valid_Login@510f3d34]" started-at="2026-06-06T12:33:26 IST" name="setup" finished-at="2026-06-06T12:33:40 IST" duration-ms="13950" status="PASS">
          <reporter-output>
          </reporter-output>
        </test-method> <!-- setup -->
        <test-method signature="validLoginTest()[pri:0, instance:pkg_login.TC_Orange_HRM_Valid_Login@510f3d34]" started-at="2026-06-06T12:33:40 IST" name="validLoginTest" finished-at="2026-06-06T12:33:41 IST" duration-ms="1793" status="PASS">
          <reporter-output>
          </reporter-output>
        </test-method> <!-- validLoginTest -->
        <test-method is-config="true" signature="tearDown()[pri:0, instance:pkg_login.TC_Orange_HRM_Valid_Login@510f3d34]" started-at="2026-06-06T12:33:41 IST" name="tearDown" finished-at="2026-06-06T12:33:42 IST" duration-ms="615" status="PASS">
          <reporter-output>
          </reporter-output>
        </test-method> <!-- tearDown -->
      </class> <!-- pkg_login.TC_Orange_HRM_Valid_Login -->
    </test> <!-- Login Test Case -->
  </suite> <!-- Login Test Suite -->
</testng-results>
