<?xml version="1.0" encoding="UTF-8"?>
<testng-results ignored="0" total="1" passed="1" failed="0" skipped="0">
  <reporter-output>
  </reporter-output>
  <suite started-at="2026-05-29T10:46:08 IST" name="Login Test Suite" finished-at="2026-05-29T10:46:26 IST" duration-ms="18175">
    <groups>
    </groups>
    <test started-at="2026-05-29T10:46:08 IST" name="Login Test Case" finished-at="2026-05-29T10:46:26 IST" duration-ms="18175">
      <class name="pkg_login.TC_Orange_HRM_Valid_Login">
        <test-method is-config="true" signature="setup()[pri:0, instance:pkg_login.TC_Orange_HRM_Valid_Login@2beee7ff]" started-at="2026-05-29T10:46:08 IST" name="setup" finished-at="2026-05-29T10:46:21 IST" duration-ms="13215" status="PASS">
          <reporter-output>
          </reporter-output>
        </test-method> <!-- setup -->
        <test-method signature="validLoginTest()[pri:0, instance:pkg_login.TC_Orange_HRM_Valid_Login@2beee7ff]" started-at="2026-05-29T10:46:21 IST" name="validLoginTest" finished-at="2026-05-29T10:46:25 IST" duration-ms="4292" status="PASS">
          <reporter-output>
          </reporter-output>
        </test-method> <!-- validLoginTest -->
        <test-method is-config="true" signature="tearDown()[pri:0, instance:pkg_login.TC_Orange_HRM_Valid_Login@2beee7ff]" started-at="2026-05-29T10:46:25 IST" name="tearDown" finished-at="2026-05-29T10:46:26 IST" duration-ms="636" status="PASS">
          <reporter-output>
          </reporter-output>
        </test-method> <!-- tearDown -->
      </class> <!-- pkg_login.TC_Orange_HRM_Valid_Login -->
    </test> <!-- Login Test Case -->
  </suite> <!-- Login Test Suite -->
</testng-results>
